{"/home/muhammad-sadiq/SQE_Project/server/analytics.ts": {"path":"/home/muhammad-sadiq/SQE_Project/server/analytics.ts","statementMap":{"0":{"start":{"line":13,"column":17},"end":{"line":13,"column":47}},"1":{"start":{"line":14,"column":19},"end":{"line":14,"column":62}},"2":{"start":{"line":15,"column":2},"end":{"line":15,"column":null}},"3":{"start":{"line":21,"column":33},"end":{"line":32,"column":null}},"4":{"start":{"line":36,"column":23},"end":{"line":46,"column":null}},"5":{"start":{"line":51,"column":8},"end":{"line":51,"column":null}},"6":{"start":{"line":52,"column":8},"end":{"line":52,"column":52}},"7":{"start":{"line":53,"column":17},"end":{"line":53,"column":null}},"8":{"start":{"line":55,"column":34},"end":{"line":65,"column":null}},"9":{"start":{"line":69,"column":19},"end":{"line":84,"column":47}},"10":{"start":{"line":86,"column":22},"end":{"line":86,"column":73}},"11":{"start":{"line":87,"column":24},"end":{"line":87,"column":69}},"12":{"start":{"line":88,"column":21},"end":{"line":88,"column":73}},"13":{"start":{"line":89,"column":24},"end":{"line":89,"column":null}},"14":{"start":{"line":91,"column":2},"end":{"line":102,"column":null}},"15":{"start":{"line":97,"column":35},"end":{"line":101,"column":null}},"16":{"start":{"line":109,"column":26},"end":{"line":116,"column":null}},"17":{"start":{"line":120,"column":20},"end":{"line":120,"column":90}},"18":{"start":{"line":120,"column":55},"end":{"line":120,"column":86}},"19":{"start":{"line":121,"column":22},"end":{"line":121,"column":95}},"20":{"start":{"line":121,"column":57},"end":{"line":121,"column":91}},"21":{"start":{"line":122,"column":25},"end":{"line":122,"column":null}},"22":{"start":{"line":124,"column":23},"end":{"line":132,"column":48}},"23":{"start":{"line":125,"column":17},"end":{"line":131,"column":7}},"24":{"start":{"line":132,"column":20},"end":{"line":132,"column":48}},"25":{"start":{"line":134,"column":2},"end":{"line":140,"column":null}},"26":{"start":{"line":146,"column":25},"end":{"line":154,"column":null}},"27":{"start":{"line":157,"column":19},"end":{"line":157,"column":50}},"28":{"start":{"line":157,"column":45},"end":{"line":157,"column":50}},"29":{"start":{"line":160,"column":24},"end":{"line":170,"column":8}},"30":{"start":{"line":173,"column":29},"end":{"line":173,"column":92}},"31":{"start":{"line":173,"column":62},"end":{"line":173,"column":88}},"32":{"start":{"line":174,"column":23},"end":{"line":174,"column":93}},"33":{"start":{"line":174,"column":56},"end":{"line":174,"column":89}},"34":{"start":{"line":176,"column":27},"end":{"line":184,"column":null}},"35":{"start":{"line":177,"column":16},"end":{"line":177,"column":65}},"36":{"start":{"line":177,"column":42},"end":{"line":177,"column":65}},"37":{"start":{"line":178,"column":4},"end":{"line":183,"column":null}},"38":{"start":{"line":186,"column":2},"end":{"line":191,"column":null}},"39":{"start":{"line":197,"column":24},"end":{"line":200,"column":39}},"40":{"start":{"line":202,"column":23},"end":{"line":202,"column":53}},"41":{"start":{"line":202,"column":48},"end":{"line":202,"column":53}},"42":{"start":{"line":203,"column":27},"end":{"line":203,"column":77}},"43":{"start":{"line":203,"column":55},"end":{"line":203,"column":77}},"44":{"start":{"line":206,"column":24},"end":{"line":214,"column":null}},"45":{"start":{"line":218,"column":16},"end":{"line":231,"column":28}},"46":{"start":{"line":234,"column":21},"end":{"line":234,"column":54}},"47":{"start":{"line":235,"column":35},"end":{"line":235,"column":null}},"48":{"start":{"line":237,"column":2},"end":{"line":242,"column":null}},"49":{"start":{"line":247,"column":27},"end":{"line":250,"column":42}},"50":{"start":{"line":252,"column":25},"end":{"line":252,"column":58}},"51":{"start":{"line":252,"column":53},"end":{"line":252,"column":58}},"52":{"start":{"line":255,"column":27},"end":{"line":263,"column":null}},"53":{"start":{"line":267,"column":22},"end":{"line":282,"column":8}},"54":{"start":{"line":285,"column":27},"end":{"line":285,"column":94}},"55":{"start":{"line":285,"column":58},"end":{"line":285,"column":90}},"56":{"start":{"line":287,"column":2},"end":{"line":292,"column":null}},"57":{"start":{"line":298,"column":27},"end":{"line":307,"column":null}},"58":{"start":{"line":310,"column":22},"end":{"line":310,"column":55}},"59":{"start":{"line":310,"column":50},"end":{"line":310,"column":55}},"60":{"start":{"line":313,"column":22},"end":{"line":320,"column":20}},"61":{"start":{"line":322,"column":2},"end":{"line":327,"column":null}},"62":{"start":{"line":326,"column":44},"end":{"line":326,"column":54}},"63":{"start":{"line":333,"column":26},"end":{"line":349,"column":14}},"64":{"start":{"line":351,"column":21},"end":{"line":357,"column":5}},"65":{"start":{"line":351,"column":49},"end":{"line":357,"column":5}},"66":{"start":{"line":359,"column":2},"end":{"line":361,"column":null}}},"fnMap":{"0":{"name":"resolveDateRange","decl":{"start":{"line":12,"column":16},"end":{"line":12,"column":33}},"loc":{"start":{"line":12,"column":72},"end":{"line":15,"column":null}},"line":12},"1":{"name":"getDonationsAnalytics","decl":{"start":{"line":19,"column":22},"end":{"line":19,"column":44}},"loc":{"start":{"line":19,"column":81},"end":{"line":102,"column":null}},"line":19},"2":{"name":"(anonymous_2)","decl":{"start":{"line":97,"column":23},"end":{"line":97,"column":28}},"loc":{"start":{"line":97,"column":35},"end":{"line":101,"column":null}},"line":97},"3":{"name":"getCampaignsAnalytics","decl":{"start":{"line":106,"column":22},"end":{"line":106,"column":44}},"loc":{"start":{"line":106,"column":81},"end":{"line":140,"column":null}},"line":106},"4":{"name":"(anonymous_4)","decl":{"start":{"line":120,"column":36},"end":{"line":120,"column":44}},"loc":{"start":{"line":120,"column":55},"end":{"line":120,"column":86}},"line":120},"5":{"name":"(anonymous_5)","decl":{"start":{"line":121,"column":38},"end":{"line":121,"column":46}},"loc":{"start":{"line":121,"column":57},"end":{"line":121,"column":91}},"line":121},"6":{"name":"(anonymous_6)","decl":{"start":{"line":125,"column":5},"end":{"line":125,"column":10}},"loc":{"start":{"line":125,"column":17},"end":{"line":131,"column":7}},"line":125},"7":{"name":"(anonymous_7)","decl":{"start":{"line":132,"column":5},"end":{"line":132,"column":11}},"loc":{"start":{"line":132,"column":20},"end":{"line":132,"column":48}},"line":132},"8":{"name":"getEventsAnalytics","decl":{"start":{"line":144,"column":22},"end":{"line":144,"column":41}},"loc":{"start":{"line":144,"column":78},"end":{"line":191,"column":null}},"line":144},"9":{"name":"(anonymous_9)","decl":{"start":{"line":157,"column":34},"end":{"line":157,"column":39}},"loc":{"start":{"line":157,"column":45},"end":{"line":157,"column":50}},"line":157},"10":{"name":"(anonymous_10)","decl":{"start":{"line":173,"column":43},"end":{"line":173,"column":51}},"loc":{"start":{"line":173,"column":62},"end":{"line":173,"column":88}},"line":173},"11":{"name":"(anonymous_11)","decl":{"start":{"line":174,"column":37},"end":{"line":174,"column":45}},"loc":{"start":{"line":174,"column":56},"end":{"line":174,"column":89}},"line":174},"12":{"name":"(anonymous_12)","decl":{"start":{"line":176,"column":42},"end":{"line":176,"column":47}},"loc":{"start":{"line":176,"column":57},"end":{"line":184,"column":null}},"line":176},"13":{"name":"(anonymous_13)","decl":{"start":{"line":177,"column":30},"end":{"line":177,"column":36}},"loc":{"start":{"line":177,"column":42},"end":{"line":177,"column":65}},"line":177},"14":{"name":"getVolunteersAnalytics","decl":{"start":{"line":195,"column":22},"end":{"line":195,"column":45}},"loc":{"start":{"line":195,"column":82},"end":{"line":242,"column":null}},"line":195},"15":{"name":"(anonymous_15)","decl":{"start":{"line":202,"column":37},"end":{"line":202,"column":42}},"loc":{"start":{"line":202,"column":48},"end":{"line":202,"column":53}},"line":202},"16":{"name":"(anonymous_16)","decl":{"start":{"line":203,"column":41},"end":{"line":203,"column":49}},"loc":{"start":{"line":203,"column":55},"end":{"line":203,"column":77}},"line":203},"17":{"name":"getBeneficiariesAnalytics","decl":{"start":{"line":246,"column":22},"end":{"line":246,"column":48}},"loc":{"start":{"line":246,"column":85},"end":{"line":292,"column":null}},"line":246},"18":{"name":"(anonymous_18)","decl":{"start":{"line":252,"column":42},"end":{"line":252,"column":47}},"loc":{"start":{"line":252,"column":53},"end":{"line":252,"column":58}},"line":252},"19":{"name":"(anonymous_19)","decl":{"start":{"line":285,"column":39},"end":{"line":285,"column":47}},"loc":{"start":{"line":285,"column":58},"end":{"line":285,"column":90}},"line":285},"20":{"name":"getActivitiesAnalytics","decl":{"start":{"line":296,"column":22},"end":{"line":296,"column":45}},"loc":{"start":{"line":296,"column":82},"end":{"line":327,"column":null}},"line":296},"21":{"name":"(anonymous_21)","decl":{"start":{"line":310,"column":39},"end":{"line":310,"column":44}},"loc":{"start":{"line":310,"column":50},"end":{"line":310,"column":55}},"line":310},"22":{"name":"(anonymous_22)","decl":{"start":{"line":326,"column":30},"end":{"line":326,"column":38}},"loc":{"start":{"line":326,"column":44},"end":{"line":326,"column":54}},"line":326},"23":{"name":"getRecentActivity","decl":{"start":{"line":331,"column":22},"end":{"line":331,"column":40}},"loc":{"start":{"line":331,"column":77},"end":{"line":361,"column":null}},"line":331},"24":{"name":"(anonymous_24)","decl":{"start":{"line":351,"column":37},"end":{"line":351,"column":42}},"loc":{"start":{"line":351,"column":49},"end":{"line":357,"column":5}},"line":351}},"branchMap":{"0":{"loc":{"start":{"line":13,"column":17},"end":{"line":13,"column":47}},"type":"cond-expr","locations":[{"start":{"line":13,"column":22},"end":{"line":13,"column":34}},{"start":{"line":13,"column":37},"end":{"line":13,"column":47}}],"line":13},"1":{"loc":{"start":{"line":14,"column":19},"end":{"line":14,"column":62}},"type":"cond-expr","locations":[{"start":{"line":14,"column":26},"end":{"line":14,"column":40}},{"start":{"line":14,"column":40},"end":{"line":14,"column":62}}],"line":14},"2":{"loc":{"start":{"line":86,"column":29},"end":{"line":86,"column":73}},"type":"binary-expr","locations":[{"start":{"line":86,"column":29},"end":{"line":86,"column":71}},{"start":{"line":86,"column":71},"end":{"line":86,"column":73}}],"line":86},"3":{"loc":{"start":{"line":87,"column":31},"end":{"line":87,"column":69}},"type":"binary-expr","locations":[{"start":{"line":87,"column":31},"end":{"line":87,"column":67}},{"start":{"line":87,"column":67},"end":{"line":87,"column":69}}],"line":87},"4":{"loc":{"start":{"line":88,"column":28},"end":{"line":88,"column":73}},"type":"binary-expr","locations":[{"start":{"line":88,"column":28},"end":{"line":88,"column":71}},{"start":{"line":88,"column":71},"end":{"line":88,"column":73}}],"line":88},"5":{"loc":{"start":{"line":89,"column":24},"end":{"line":89,"column":null}},"type":"cond-expr","locations":[{"start":{"line":89,"column":37},"end":{"line":89,"column":91}},{"start":{"line":89,"column":91},"end":{"line":89,"column":null}}],"line":89},"6":{"loc":{"start":{"line":94,"column":21},"end":{"line":94,"column":null}},"type":"cond-expr","locations":[{"start":{"line":94,"column":41},"end":{"line":94,"column":71}},{"start":{"line":94,"column":71},"end":{"line":94,"column":null}}],"line":94},"7":{"loc":{"start":{"line":95,"column":25},"end":{"line":95,"column":53}},"type":"binary-expr","locations":[{"start":{"line":95,"column":25},"end":{"line":95,"column":51}},{"start":{"line":95,"column":51},"end":{"line":95,"column":53}}],"line":95},"8":{"loc":{"start":{"line":99,"column":21},"end":{"line":99,"column":35}},"type":"binary-expr","locations":[{"start":{"line":99,"column":21},"end":{"line":99,"column":33}},{"start":{"line":99,"column":33},"end":{"line":99,"column":35}}],"line":99},"9":{"loc":{"start":{"line":100,"column":20},"end":{"line":100,"column":null}},"type":"binary-expr","locations":[{"start":{"line":100,"column":20},"end":{"line":100,"column":31}},{"start":{"line":100,"column":31},"end":{"line":100,"column":null}}],"line":100},"10":{"loc":{"start":{"line":120,"column":68},"end":{"line":120,"column":86}},"type":"binary-expr","locations":[{"start":{"line":120,"column":68},"end":{"line":120,"column":84}},{"start":{"line":120,"column":84},"end":{"line":120,"column":86}}],"line":120},"11":{"loc":{"start":{"line":121,"column":70},"end":{"line":121,"column":91}},"type":"binary-expr","locations":[{"start":{"line":121,"column":70},"end":{"line":121,"column":89}},{"start":{"line":121,"column":89},"end":{"line":121,"column":91}}],"line":121},"12":{"loc":{"start":{"line":122,"column":25},"end":{"line":122,"column":null}},"type":"cond-expr","locations":[{"start":{"line":122,"column":42},"end":{"line":122,"column":75}},{"start":{"line":122,"column":75},"end":{"line":122,"column":null}}],"line":122},"13":{"loc":{"start":{"line":128,"column":25},"end":{"line":128,"column":43}},"type":"binary-expr","locations":[{"start":{"line":128,"column":25},"end":{"line":128,"column":41}},{"start":{"line":128,"column":41},"end":{"line":128,"column":43}}],"line":128},"14":{"loc":{"start":{"line":129,"column":28},"end":{"line":129,"column":49}},"type":"binary-expr","locations":[{"start":{"line":129,"column":28},"end":{"line":129,"column":47}},{"start":{"line":129,"column":47},"end":{"line":129,"column":49}}],"line":129},"15":{"loc":{"start":{"line":130,"column":18},"end":{"line":130,"column":null}},"type":"cond-expr","locations":[{"start":{"line":130,"column":51},"end":{"line":130,"column":117}},{"start":{"line":130,"column":117},"end":{"line":130,"column":null}}],"line":130},"16":{"loc":{"start":{"line":130,"column":25},"end":{"line":130,"column":43}},"type":"binary-expr","locations":[{"start":{"line":130,"column":25},"end":{"line":130,"column":41}},{"start":{"line":130,"column":41},"end":{"line":130,"column":43}}],"line":130},"17":{"loc":{"start":{"line":130,"column":58},"end":{"line":130,"column":79}},"type":"binary-expr","locations":[{"start":{"line":130,"column":58},"end":{"line":130,"column":77}},{"start":{"line":130,"column":77},"end":{"line":130,"column":79}}],"line":130},"18":{"loc":{"start":{"line":130,"column":89},"end":{"line":130,"column":107}},"type":"binary-expr","locations":[{"start":{"line":130,"column":89},"end":{"line":130,"column":105}},{"start":{"line":130,"column":105},"end":{"line":130,"column":107}}],"line":130},"19":{"loc":{"start":{"line":160,"column":24},"end":{"line":170,"column":8}},"type":"cond-expr","locations":[{"start":{"line":161,"column":6},"end":{"line":169,"column":44}},{"start":{"line":170,"column":6},"end":{"line":170,"column":8}}],"line":160},"20":{"loc":{"start":{"line":173,"column":75},"end":{"line":173,"column":88}},"type":"binary-expr","locations":[{"start":{"line":173,"column":75},"end":{"line":173,"column":86}},{"start":{"line":173,"column":86},"end":{"line":173,"column":88}}],"line":173},"21":{"loc":{"start":{"line":174,"column":69},"end":{"line":174,"column":89}},"type":"binary-expr","locations":[{"start":{"line":174,"column":69},"end":{"line":174,"column":87}},{"start":{"line":174,"column":87},"end":{"line":174,"column":89}}],"line":174},"22":{"loc":{"start":{"line":182,"column":32},"end":{"line":182,"column":null}},"type":"binary-expr","locations":[{"start":{"line":182,"column":32},"end":{"line":182,"column":46}},{"start":{"line":182,"column":46},"end":{"line":182,"column":null}}],"line":182},"23":{"loc":{"start":{"line":218,"column":16},"end":{"line":231,"column":28}},"type":"cond-expr","locations":[{"start":{"line":219,"column":6},"end":{"line":229,"column":null}},{"start":{"line":231,"column":6},"end":{"line":231,"column":28}}],"line":218},"24":{"loc":{"start":{"line":234,"column":28},"end":{"line":234,"column":54}},"type":"binary-expr","locations":[{"start":{"line":234,"column":28},"end":{"line":234,"column":52}},{"start":{"line":234,"column":52},"end":{"line":234,"column":54}}],"line":234},"25":{"loc":{"start":{"line":235,"column":35},"end":{"line":235,"column":null}},"type":"cond-expr","locations":[{"start":{"line":235,"column":65},"end":{"line":235,"column":104}},{"start":{"line":235,"column":104},"end":{"line":235,"column":null}}],"line":235},"26":{"loc":{"start":{"line":267,"column":22},"end":{"line":282,"column":8}},"type":"cond-expr","locations":[{"start":{"line":268,"column":6},"end":{"line":281,"column":52}},{"start":{"line":282,"column":6},"end":{"line":282,"column":8}}],"line":267},"27":{"loc":{"start":{"line":285,"column":71},"end":{"line":285,"column":90}},"type":"binary-expr","locations":[{"start":{"line":285,"column":71},"end":{"line":285,"column":88}},{"start":{"line":285,"column":88},"end":{"line":285,"column":90}}],"line":285},"28":{"loc":{"start":{"line":313,"column":22},"end":{"line":320,"column":20}},"type":"cond-expr","locations":[{"start":{"line":314,"column":6},"end":{"line":319,"column":70}},{"start":{"line":320,"column":6},"end":{"line":320,"column":20}}],"line":313},"29":{"loc":{"start":{"line":324,"column":29},"end":{"line":324,"column":56}},"type":"binary-expr","locations":[{"start":{"line":324,"column":29},"end":{"line":324,"column":54}},{"start":{"line":324,"column":54},"end":{"line":324,"column":56}}],"line":324}},"s":{"0":15,"1":15,"2":15,"3":0,"4":0,"5":0,"6":0,"7":0,"8":0,"9":0,"10":0,"11":0,"12":0,"13":0,"14":0,"15":0,"16":0,"17":0,"18":0,"19":0,"20":0,"21":0,"22":0,"23":0,"24":0,"25":0,"26":0,"27":0,"28":0,"29":0,"30":0,"31":0,"32":0,"33":0,"34":0,"35":0,"36":0,"37":0,"38":0,"39":0,"40":0,"41":0,"42":0,"43":0,"44":0,"45":0,"46":0,"47":0,"48":0,"49":0,"50":0,"51":0,"52":0,"53":0,"54":0,"55":0,"56":0,"57":0,"58":0,"59":0,"60":0,"61":0,"62":0,"63":0,"64":0,"65":0,"66":0},"f":{"0":15,"1":0,"2":0,"3":0,"4":0,"5":0,"6":0,"7":0,"8":0,"9":0,"10":0,"11":0,"12":0,"13":0,"14":0,"15":0,"16":0,"17":0,"18":0,"19":0,"20":0,"21":0,"22":0,"23":0,"24":0},"b":{"0":[11,4],"1":[10,5],"2":[0,0],"3":[0,0],"4":[0,0],"5":[0,0],"6":[0,0],"7":[0,0],"8":[0,0],"9":[0,0],"10":[0,0],"11":[0,0],"12":[0,0],"13":[0,0],"14":[0,0],"15":[0,0],"16":[0,0],"17":[0,0],"18":[0,0],"19":[0,0],"20":[0,0],"21":[0,0],"22":[0,0],"23":[0,0],"24":[0,0],"25":[0,0],"26":[0,0],"27":[0,0],"28":[0,0],"29":[0,0]},"meta":{"lastBranch":30,"lastFunction":25,"lastStatement":67,"seen":{"f:12:16:12:33":0,"s:13:17:13:47":0,"b:13:22:13:34:13:37:13:47":0,"s:14:19:14:62":1,"b:14:26:14:40:14:40:14:62":1,"s:15:2:15:Infinity":2,"f:19:22:19:44":1,"s:21:33:32:Infinity":3,"s:36:23:46:Infinity":4,"s:51:8:51:Infinity":5,"s:52:8:52:52":6,"s:53:17:53:Infinity":7,"s:55:34:65:Infinity":8,"s:69:19:84:47":9,"s:86:22:86:73":10,"b:86:29:86:71:86:71:86:73":2,"s:87:24:87:69":11,"b:87:31:87:67:87:67:87:69":3,"s:88:21:88:73":12,"b:88:28:88:71:88:71:88:73":4,"s:89:24:89:Infinity":13,"b:89:37:89:91:89:91:89:Infinity":5,"s:91:2:102:Infinity":14,"b:94:41:94:71:94:71:94:Infinity":6,"b:95:25:95:51:95:51:95:53":7,"f:97:23:97:28":2,"s:97:35:101:Infinity":15,"b:99:21:99:33:99:33:99:35":8,"b:100:20:100:31:100:31:100:Infinity":9,"f:106:22:106:44":3,"s:109:26:116:Infinity":16,"s:120:20:120:90":17,"f:120:36:120:44":4,"s:120:55:120:86":18,"b:120:68:120:84:120:84:120:86":10,"s:121:22:121:95":19,"f:121:38:121:46":5,"s:121:57:121:91":20,"b:121:70:121:89:121:89:121:91":11,"s:122:25:122:Infinity":21,"b:122:42:122:75:122:75:122:Infinity":12,"s:124:23:132:48":22,"f:125:5:125:10":6,"s:125:17:131:7":23,"b:128:25:128:41:128:41:128:43":13,"b:129:28:129:47:129:47:129:49":14,"b:130:51:130:117:130:117:130:Infinity":15,"b:130:25:130:41:130:41:130:43":16,"b:130:58:130:77:130:77:130:79":17,"b:130:89:130:105:130:105:130:107":18,"f:132:5:132:11":7,"s:132:20:132:48":24,"s:134:2:140:Infinity":25,"f:144:22:144:41":8,"s:146:25:154:Infinity":26,"s:157:19:157:50":27,"f:157:34:157:39":9,"s:157:45:157:50":28,"s:160:24:170:8":29,"b:161:6:169:44:170:6:170:8":19,"s:173:29:173:92":30,"f:173:43:173:51":10,"s:173:62:173:88":31,"b:173:75:173:86:173:86:173:88":20,"s:174:23:174:93":32,"f:174:37:174:45":11,"s:174:56:174:89":33,"b:174:69:174:87:174:87:174:89":21,"s:176:27:184:Infinity":34,"f:176:42:176:47":12,"s:177:16:177:65":35,"f:177:30:177:36":13,"s:177:42:177:65":36,"s:178:4:183:Infinity":37,"b:182:32:182:46:182:46:182:Infinity":22,"s:186:2:191:Infinity":38,"f:195:22:195:45":14,"s:197:24:200:39":39,"s:202:23:202:53":40,"f:202:37:202:42":15,"s:202:48:202:53":41,"s:203:27:203:77":42,"f:203:41:203:49":16,"s:203:55:203:77":43,"s:206:24:214:Infinity":44,"s:218:16:231:28":45,"b:219:6:229:Infinity:231:6:231:28":23,"s:234:21:234:54":46,"b:234:28:234:52:234:52:234:54":24,"s:235:35:235:Infinity":47,"b:235:65:235:104:235:104:235:Infinity":25,"s:237:2:242:Infinity":48,"f:246:22:246:48":17,"s:247:27:250:42":49,"s:252:25:252:58":50,"f:252:42:252:47":18,"s:252:53:252:58":51,"s:255:27:263:Infinity":52,"s:267:22:282:8":53,"b:268:6:281:52:282:6:282:8":26,"s:285:27:285:94":54,"f:285:39:285:47":19,"s:285:58:285:90":55,"b:285:71:285:88:285:88:285:90":27,"s:287:2:292:Infinity":56,"f:296:22:296:45":20,"s:298:27:307:Infinity":57,"s:310:22:310:55":58,"f:310:39:310:44":21,"s:310:50:310:55":59,"s:313:22:320:20":60,"b:314:6:319:70:320:6:320:20":28,"s:322:2:327:Infinity":61,"b:324:29:324:54:324:54:324:56":29,"f:326:30:326:38":22,"s:326:44:326:54":62,"f:331:22:331:40":23,"s:333:26:349:14":63,"s:351:21:357:5":64,"f:351:37:351:42":24,"s:351:49:357:5":65,"s:359:2:361:Infinity":66}}}
,"/home/muhammad-sadiq/SQE_Project/server/emailSender.ts": {"path":"/home/muhammad-sadiq/SQE_Project/server/emailSender.ts","statementMap":{"0":{"start":{"line":8,"column":2},"end":{"line":8,"column":null}},"1":{"start":{"line":15,"column":12},"end":{"line":15,"column":null}},"2":{"start":{"line":19,"column":2},"end":{"line":23,"column":null}},"3":{"start":{"line":20,"column":28},"end":{"line":20,"column":null}},"4":{"start":{"line":23,"column":4},"end":{"line":23,"column":null}},"5":{"start":{"line":26,"column":25},"end":{"line":26,"column":27}},"6":{"start":{"line":28,"column":2},"end":{"line":51,"column":null}},"7":{"start":{"line":29,"column":21},"end":{"line":32,"column":82}},"8":{"start":{"line":33,"column":4},"end":{"line":33,"column":null}},"9":{"start":{"line":34,"column":9},"end":{"line":51,"column":null}},"10":{"start":{"line":35,"column":26},"end":{"line":35,"column":null}},"11":{"start":{"line":36,"column":4},"end":{"line":37,"column":null}},"12":{"start":{"line":37,"column":6},"end":{"line":37,"column":null}},"13":{"start":{"line":40,"column":21},"end":{"line":40,"column":44}},"14":{"start":{"line":42,"column":4},"end":{"line":46,"column":null}},"15":{"start":{"line":43,"column":26},"end":{"line":43,"column":56}},"16":{"start":{"line":44,"column":6},"end":{"line":46,"column":null}},"17":{"start":{"line":45,"column":8},"end":{"line":46,"column":null}},"18":{"start":{"line":46,"column":10},"end":{"line":46,"column":null}},"19":{"start":{"line":51,"column":4},"end":{"line":51,"column":null}},"20":{"start":{"line":54,"column":2},"end":{"line":58,"column":null}},"21":{"start":{"line":54,"column":33},"end":{"line":58,"column":5}},"22":{"start":{"line":66,"column":12},"end":{"line":66,"column":null}},"23":{"start":{"line":80,"column":2},"end":{"line":91,"column":null}},"24":{"start":{"line":81,"column":4},"end":{"line":85,"column":null}},"25":{"start":{"line":87,"column":28},"end":{"line":87,"column":65}},"26":{"start":{"line":88,"column":4},"end":{"line":91,"column":null}},"27":{"start":{"line":89,"column":6},"end":{"line":91,"column":null}},"28":{"start":{"line":97,"column":12},"end":{"line":97,"column":null}},"29":{"start":{"line":104,"column":2},"end":{"line":172,"column":null}},"30":{"start":{"line":105,"column":21},"end":{"line":105,"column":57}},"31":{"start":{"line":107,"column":4},"end":{"line":108,"column":null}},"32":{"start":{"line":108,"column":6},"end":{"line":108,"column":null}},"33":{"start":{"line":111,"column":4},"end":{"line":114,"column":null}},"34":{"start":{"line":112,"column":6},"end":{"line":114,"column":null}},"35":{"start":{"line":117,"column":4},"end":{"line":119,"column":null}},"36":{"start":{"line":121,"column":26},"end":{"line":121,"column":69}},"37":{"start":{"line":123,"column":4},"end":{"line":130,"column":null}},"38":{"start":{"line":124,"column":6},"end":{"line":124,"column":null}},"39":{"start":{"line":125,"column":6},"end":{"line":129,"column":null}},"40":{"start":{"line":130,"column":6},"end":{"line":130,"column":null}},"41":{"start":{"line":133,"column":47},"end":{"line":133,"column":49}},"42":{"start":{"line":134,"column":4},"end":{"line":145,"column":null}},"43":{"start":{"line":135,"column":46},"end":{"line":142,"column":null}},"44":{"start":{"line":144,"column":22},"end":{"line":144,"column":61}},"45":{"start":{"line":145,"column":6},"end":{"line":145,"column":null}},"46":{"start":{"line":148,"column":4},"end":{"line":150,"column":null}},"47":{"start":{"line":152,"column":23},"end":{"line":152,"column":null}},"48":{"start":{"line":153,"column":4},"end":{"line":155,"column":null}},"49":{"start":{"line":153,"column":17},"end":{"line":153,"column":20}},"50":{"start":{"line":154,"column":20},"end":{"line":154,"column":61}},"51":{"start":{"line":155,"column":6},"end":{"line":155,"column":null}},"52":{"start":{"line":158,"column":26},"end":{"line":158,"column":62}},"53":{"start":{"line":159,"column":4},"end":{"line":162,"column":null}},"54":{"start":{"line":164,"column":4},"end":{"line":166,"column":null}},"55":{"start":{"line":168,"column":4},"end":{"line":168,"column":null}},"56":{"start":{"line":169,"column":4},"end":{"line":171,"column":null}},"57":{"start":{"line":172,"column":4},"end":{"line":172,"column":null}}},"fnMap":{"0":{"name":"generateUnsubscribeToken","decl":{"start":{"line":7,"column":9},"end":{"line":7,"column":44}},"loc":{"start":{"line":7,"column":44},"end":{"line":8,"column":null}},"line":7},"1":{"name":"buildRecipientList","decl":{"start":{"line":11,"column":15},"end":{"line":11,"column":null}},"loc":{"start":{"line":14,"column":76},"end":{"line":58,"column":null}},"line":14},"2":{"name":"(anonymous_2)","decl":{"start":{"line":54,"column":18},"end":{"line":54,"column":23}},"loc":{"start":{"line":54,"column":33},"end":{"line":58,"column":5}},"line":54},"3":{"name":"sendBatch","decl":{"start":{"line":61,"column":15},"end":{"line":61,"column":null}},"loc":{"start":{"line":65,"column":17},"end":{"line":91,"column":null}},"line":65},"4":{"name":"sendCampaign","decl":{"start":{"line":96,"column":22},"end":{"line":96,"column":35}},"loc":{"start":{"line":96,"column":88},"end":{"line":172,"column":null}},"line":96}},"branchMap":{"0":{"loc":{"start":{"line":19,"column":2},"end":{"line":23,"column":null}},"type":"if","locations":[{"start":{"line":19,"column":2},"end":{"line":23,"column":null}},{"start":{},"end":{}}],"line":19},"1":{"loc":{"start":{"line":23,"column":11},"end":{"line":23,"column":32}},"type":"binary-expr","locations":[{"start":{"line":23,"column":11},"end":{"line":23,"column":30}},{"start":{"line":23,"column":30},"end":{"line":23,"column":32}}],"line":23},"2":{"loc":{"start":{"line":28,"column":2},"end":{"line":51,"column":null}},"type":"if","locations":[{"start":{"line":28,"column":2},"end":{"line":51,"column":null}},{"start":{"line":34,"column":9},"end":{"line":51,"column":null}}],"line":28},"3":{"loc":{"start":{"line":34,"column":9},"end":{"line":51,"column":null}},"type":"if","locations":[{"start":{"line":34,"column":9},"end":{"line":51,"column":null}},{"start":{},"end":{}}],"line":34},"4":{"loc":{"start":{"line":36,"column":4},"end":{"line":37,"column":null}},"type":"if","locations":[{"start":{"line":36,"column":4},"end":{"line":37,"column":null}},{"start":{},"end":{}}],"line":36},"5":{"loc":{"start":{"line":36,"column":8},"end":{"line":36,"column":54}},"type":"binary-expr","locations":[{"start":{"line":36,"column":8},"end":{"line":36,"column":26}},{"start":{"line":36,"column":26},"end":{"line":36,"column":54}}],"line":36},"6":{"loc":{"start":{"line":45,"column":8},"end":{"line":46,"column":null}},"type":"if","locations":[{"start":{"line":45,"column":8},"end":{"line":46,"column":null}},{"start":{},"end":{}}],"line":45},"7":{"loc":{"start":{"line":56,"column":15},"end":{"line":56,"column":null}},"type":"binary-expr","locations":[{"start":{"line":56,"column":15},"end":{"line":56,"column":33}},{"start":{"line":56,"column":33},"end":{"line":56,"column":null}}],"line":56},"8":{"loc":{"start":{"line":57,"column":14},"end":{"line":57,"column":null}},"type":"binary-expr","locations":[{"start":{"line":57,"column":14},"end":{"line":57,"column":31}},{"start":{"line":57,"column":31},"end":{"line":57,"column":null}}],"line":57},"9":{"loc":{"start":{"line":88,"column":4},"end":{"line":91,"column":null}},"type":"if","locations":[{"start":{"line":88,"column":4},"end":{"line":91,"column":null}},{"start":{},"end":{}}],"line":88},"10":{"loc":{"start":{"line":90,"column":20},"end":{"line":90,"column":54}},"type":"binary-expr","locations":[{"start":{"line":90,"column":20},"end":{"line":90,"column":49}},{"start":{"line":90,"column":49},"end":{"line":90,"column":54}}],"line":90},"11":{"loc":{"start":{"line":107,"column":4},"end":{"line":108,"column":null}},"type":"if","locations":[{"start":{"line":107,"column":4},"end":{"line":108,"column":null}},{"start":{},"end":{}}],"line":107},"12":{"loc":{"start":{"line":111,"column":4},"end":{"line":114,"column":null}},"type":"if","locations":[{"start":{"line":111,"column":4},"end":{"line":114,"column":null}},{"start":{},"end":{}}],"line":111},"13":{"loc":{"start":{"line":111,"column":8},"end":{"line":111,"column":72}},"type":"binary-expr","locations":[{"start":{"line":111,"column":8},"end":{"line":111,"column":39}},{"start":{"line":111,"column":39},"end":{"line":111,"column":72}}],"line":111},"14":{"loc":{"start":{"line":123,"column":4},"end":{"line":130,"column":null}},"type":"if","locations":[{"start":{"line":123,"column":4},"end":{"line":130,"column":null}},{"start":{},"end":{}}],"line":123},"15":{"loc":{"start":{"line":138,"column":19},"end":{"line":138,"column":null}},"type":"binary-expr","locations":[{"start":{"line":138,"column":19},"end":{"line":138,"column":46}},{"start":{"line":138,"column":46},"end":{"line":138,"column":null}}],"line":138},"16":{"loc":{"start":{"line":139,"column":18},"end":{"line":139,"column":null}},"type":"binary-expr","locations":[{"start":{"line":139,"column":18},"end":{"line":139,"column":44}},{"start":{"line":139,"column":44},"end":{"line":139,"column":null}}],"line":139},"17":{"loc":{"start":{"line":165,"column":65},"end":{"line":165,"column":95}},"type":"binary-expr","locations":[{"start":{"line":165,"column":65},"end":{"line":165,"column":93}},{"start":{"line":165,"column":93},"end":{"line":165,"column":95}}],"line":165}},"s":{"0":0,"1":0,"2":0,"3":0,"4":0,"5":0,"6":0,"7":0,"8":0,"9":0,"10":0,"11":0,"12":0,"13":0,"14":0,"15":0,"16":0,"17":0,"18":0,"19":0,"20":0,"21":0,"22":0,"23":0,"24":0,"25":0,"26":0,"27":0,"28":0,"29":0,"30":0,"31":0,"32":0,"33":0,"34":0,"35":0,"36":0,"37":0,"38":0,"39":0,"40":0,"41":0,"42":0,"43":0,"44":0,"45":0,"46":0,"47":0,"48":0,"49":0,"50":0,"51":0,"52":0,"53":0,"54":0,"55":0,"56":0,"57":0},"f":{"0":0,"1":0,"2":0,"3":0,"4":0},"b":{"0":[0,0],"1":[0,0],"2":[0,0],"3":[0,0],"4":[0,0],"5":[0,0],"6":[0,0],"7":[0,0],"8":[0,0],"9":[0,0],"10":[0,0],"11":[0,0],"12":[0,0],"13":[0,0],"14":[0,0],"15":[0,0],"16":[0,0],"17":[0,0]},"meta":{"lastBranch":18,"lastFunction":5,"lastStatement":58,"seen":{"f:7:9:7:44":0,"s:8:2:8:Infinity":0,"f:11:15:11:Infinity":1,"s:15:12:15:Infinity":1,"b:19:2:23:Infinity:undefined:undefined:undefined:undefined":0,"s:19:2:23:Infinity":2,"s:20:28:20:Infinity":3,"s:23:4:23:Infinity":4,"b:23:11:23:30:23:30:23:32":1,"s:26:25:26:27":5,"b:28:2:51:Infinity:34:9:51:Infinity":2,"s:28:2:51:Infinity":6,"s:29:21:32:82":7,"s:33:4:33:Infinity":8,"b:34:9:51:Infinity:undefined:undefined:undefined:undefined":3,"s:34:9:51:Infinity":9,"s:35:26:35:Infinity":10,"b:36:4:37:Infinity:undefined:undefined:undefined:undefined":4,"s:36:4:37:Infinity":11,"b:36:8:36:26:36:26:36:54":5,"s:37:6:37:Infinity":12,"s:40:21:40:44":13,"s:42:4:46:Infinity":14,"s:43:26:43:56":15,"s:44:6:46:Infinity":16,"b:45:8:46:Infinity:undefined:undefined:undefined:undefined":6,"s:45:8:46:Infinity":17,"s:46:10:46:Infinity":18,"s:51:4:51:Infinity":19,"s:54:2:58:Infinity":20,"f:54:18:54:23":2,"s:54:33:58:5":21,"b:56:15:56:33:56:33:56:Infinity":7,"b:57:14:57:31:57:31:57:Infinity":8,"f:61:15:61:Infinity":3,"s:66:12:66:Infinity":22,"s:80:2:91:Infinity":23,"s:81:4:85:Infinity":24,"s:87:28:87:65":25,"b:88:4:91:Infinity:undefined:undefined:undefined:undefined":9,"s:88:4:91:Infinity":26,"s:89:6:91:Infinity":27,"b:90:20:90:49:90:49:90:54":10,"f:96:22:96:35":4,"s:97:12:97:Infinity":28,"s:104:2:172:Infinity":29,"s:105:21:105:57":30,"b:107:4:108:Infinity:undefined:undefined:undefined:undefined":11,"s:107:4:108:Infinity":31,"s:108:6:108:Infinity":32,"b:111:4:114:Infinity:undefined:undefined:undefined:undefined":12,"s:111:4:114:Infinity":33,"b:111:8:111:39:111:39:111:72":13,"s:112:6:114:Infinity":34,"s:117:4:119:Infinity":35,"s:121:26:121:69":36,"b:123:4:130:Infinity:undefined:undefined:undefined:undefined":14,"s:123:4:130:Infinity":37,"s:124:6:124:Infinity":38,"s:125:6:129:Infinity":39,"s:130:6:130:Infinity":40,"s:133:47:133:49":41,"s:134:4:145:Infinity":42,"s:135:46:142:Infinity":43,"b:138:19:138:46:138:46:138:Infinity":15,"b:139:18:139:44:139:44:139:Infinity":16,"s:144:22:144:61":44,"s:145:6:145:Infinity":45,"s:148:4:150:Infinity":46,"s:152:23:152:Infinity":47,"s:153:4:155:Infinity":48,"s:153:17:153:20":49,"s:154:20:154:61":50,"s:155:6:155:Infinity":51,"s:158:26:158:62":52,"s:159:4:162:Infinity":53,"s:164:4:166:Infinity":54,"b:165:65:165:93:165:93:165:95":17,"s:168:4:168:Infinity":55,"s:169:4:171:Infinity":56,"s:172:4:172:Infinity":57}}}
,"/home/muhammad-sadiq/SQE_Project/server/memberCount.ts": {"path":"/home/muhammad-sadiq/SQE_Project/server/memberCount.ts","statementMap":{"0":{"start":{"line":9,"column":19},"end":{"line":12,"column":36}},"1":{"start":{"line":14,"column":4},"end":{"line":14,"column":null}},"2":{"start":{"line":18,"column":24},"end":{"line":18,"column":62}},"3":{"start":{"line":20,"column":25},"end":{"line":20,"column":73}},"4":{"start":{"line":21,"column":4},"end":{"line":24,"column":null}},"5":{"start":{"line":22,"column":6},"end":{"line":24,"column":null}},"6":{"start":{"line":27,"column":4},"end":{"line":27,"column":null}},"7":{"start":{"line":31,"column":31},"end":{"line":31,"column":78}},"8":{"start":{"line":33,"column":25},"end":{"line":33,"column":73}},"9":{"start":{"line":34,"column":4},"end":{"line":35,"column":null}},"10":{"start":{"line":35,"column":6},"end":{"line":35,"column":null}},"11":{"start":{"line":38,"column":24},"end":{"line":38,"column":78}},"12":{"start":{"line":39,"column":4},"end":{"line":40,"column":null}},"13":{"start":{"line":40,"column":6},"end":{"line":40,"column":null}},"14":{"start":{"line":44,"column":4},"end":{"line":79,"column":null}},"15":{"start":{"line":45,"column":23},"end":{"line":45,"column":64}},"16":{"start":{"line":48,"column":23},"end":{"line":49,"column":null}},"17":{"start":{"line":49,"column":15},"end":{"line":49,"column":null}},"18":{"start":{"line":52,"column":6},"end":{"line":79,"column":null}},"19":{"start":{"line":54,"column":8},"end":{"line":57,"column":null}},"20":{"start":{"line":59,"column":8},"end":{"line":61,"column":null}},"21":{"start":{"line":64,"column":8},"end":{"line":72,"column":null}},"22":{"start":{"line":65,"column":10},"end":{"line":70,"column":null}},"23":{"start":{"line":72,"column":10},"end":{"line":72,"column":null}},"24":{"start":{"line":75,"column":8},"end":{"line":79,"column":null}},"25":{"start":{"line":83,"column":4},"end":{"line":83,"column":null}},"26":{"start":{"line":88,"column":19},"end":{"line":88,"column":63}},"27":{"start":{"line":89,"column":4},"end":{"line":89,"column":null}},"28":{"start":{"line":99,"column":25},"end":{"line":99,"column":61}},"29":{"start":{"line":100,"column":4},"end":{"line":102,"column":null}},"30":{"start":{"line":101,"column":6},"end":{"line":101,"column":null}},"31":{"start":{"line":102,"column":6},"end":{"line":102,"column":null}},"32":{"start":{"line":106,"column":21},"end":{"line":109,"column":36}},"33":{"start":{"line":111,"column":21},"end":{"line":111,"column":null}},"34":{"start":{"line":111,"column":40},"end":{"line":111,"column":63}},"35":{"start":{"line":114,"column":27},"end":{"line":114,"column":null}},"36":{"start":{"line":116,"column":4},"end":{"line":118,"column":null}},"37":{"start":{"line":117,"column":6},"end":{"line":117,"column":null}},"38":{"start":{"line":118,"column":6},"end":{"line":118,"column":null}},"39":{"start":{"line":122,"column":20},"end":{"line":122,"column":null}},"40":{"start":{"line":124,"column":4},"end":{"line":131,"column":null}},"41":{"start":{"line":133,"column":4},"end":{"line":133,"column":null}},"42":{"start":{"line":137,"column":18},"end":{"line":137,"column":59}},"43":{"start":{"line":139,"column":24},"end":{"line":140,"column":null}},"44":{"start":{"line":140,"column":13},"end":{"line":140,"column":null}},"45":{"start":{"line":143,"column":4},"end":{"line":143,"column":null}},"46":{"start":{"line":147,"column":25},"end":{"line":147,"column":73}},"47":{"start":{"line":148,"column":4},"end":{"line":149,"column":null}},"48":{"start":{"line":149,"column":6},"end":{"line":149,"column":null}},"49":{"start":{"line":152,"column":24},"end":{"line":152,"column":78}},"50":{"start":{"line":153,"column":4},"end":{"line":154,"column":null}},"51":{"start":{"line":154,"column":6},"end":{"line":154,"column":null}},"52":{"start":{"line":157,"column":24},"end":{"line":157,"column":null}},"53":{"start":{"line":158,"column":24},"end":{"line":158,"column":null}},"54":{"start":{"line":160,"column":4},"end":{"line":160,"column":null}},"55":{"start":{"line":165,"column":81},"end":{"line":165,"column":83}},"56":{"start":{"line":168,"column":26},"end":{"line":168,"column":59}},"57":{"start":{"line":170,"column":4},"end":{"line":181,"column":null}},"58":{"start":{"line":171,"column":6},"end":{"line":181,"column":null}},"59":{"start":{"line":172,"column":23},"end":{"line":172,"column":68}},"60":{"start":{"line":173,"column":8},"end":{"line":178,"column":null}},"61":{"start":{"line":174,"column":10},"end":{"line":178,"column":null}},"62":{"start":{"line":181,"column":8},"end":{"line":181,"column":null}},"63":{"start":{"line":185,"column":4},"end":{"line":185,"column":null}},"64":{"start":{"line":189,"column":34},"end":{"line":189,"column":58}}},"fnMap":{"0":{"name":"(anonymous_0)","decl":{"start":{"line":8,"column":8},"end":{"line":8,"column":29}},"loc":{"start":{"line":8,"column":61},"end":{"line":14,"column":null}},"line":8},"1":{"name":"(anonymous_1)","decl":{"start":{"line":17,"column":8},"end":{"line":17,"column":38}},"loc":{"start":{"line":17,"column":70},"end":{"line":27,"column":null}},"line":17},"2":{"name":"(anonymous_2)","decl":{"start":{"line":30,"column":8},"end":{"line":30,"column":35}},"loc":{"start":{"line":30,"column":123},"end":{"line":83,"column":null}},"line":30},"3":{"name":"(anonymous_3)","decl":{"start":{"line":48,"column":32},"end":{"line":48,"column":null}},"loc":{"start":{"line":49,"column":15},"end":{"line":49,"column":null}},"line":49},"4":{"name":"(anonymous_4)","decl":{"start":{"line":87,"column":8},"end":{"line":87,"column":33}},"loc":{"start":{"line":87,"column":66},"end":{"line":89,"column":null}},"line":87},"5":{"name":"(anonymous_5)","decl":{"start":{"line":92,"column":16},"end":{"line":92,"column":null}},"loc":{"start":{"line":97,"column":19},"end":{"line":133,"column":null}},"line":97},"6":{"name":"(anonymous_6)","decl":{"start":{"line":111,"column":30},"end":{"line":111,"column":35}},"loc":{"start":{"line":111,"column":40},"end":{"line":111,"column":63}},"line":111},"7":{"name":"(anonymous_7)","decl":{"start":{"line":136,"column":8},"end":{"line":136,"column":27}},"loc":{"start":{"line":136,"column":62},"end":{"line":143,"column":null}},"line":136},"8":{"name":"(anonymous_8)","decl":{"start":{"line":139,"column":30},"end":{"line":139,"column":null}},"loc":{"start":{"line":140,"column":13},"end":{"line":140,"column":null}},"line":140},"9":{"name":"(anonymous_9)","decl":{"start":{"line":146,"column":8},"end":{"line":146,"column":31}},"loc":{"start":{"line":146,"column":63},"end":{"line":160,"column":null}},"line":146},"10":{"name":"(anonymous_10)","decl":{"start":{"line":164,"column":8},"end":{"line":164,"column":111}},"loc":{"start":{"line":164,"column":111},"end":{"line":185,"column":null}},"line":164}},"branchMap":{"0":{"loc":{"start":{"line":21,"column":4},"end":{"line":24,"column":null}},"type":"if","locations":[{"start":{"line":21,"column":4},"end":{"line":24,"column":null}},{"start":{},"end":{}}],"line":21},"1":{"loc":{"start":{"line":34,"column":4},"end":{"line":35,"column":null}},"type":"if","locations":[{"start":{"line":34,"column":4},"end":{"line":35,"column":null}},{"start":{},"end":{}}],"line":34},"2":{"loc":{"start":{"line":39,"column":4},"end":{"line":40,"column":null}},"type":"if","locations":[{"start":{"line":39,"column":4},"end":{"line":40,"column":null}},{"start":{},"end":{}}],"line":39},"3":{"loc":{"start":{"line":44,"column":4},"end":{"line":79,"column":null}},"type":"if","locations":[{"start":{"line":44,"column":4},"end":{"line":79,"column":null}},{"start":{},"end":{}}],"line":44},"4":{"loc":{"start":{"line":44,"column":8},"end":{"line":44,"column":79}},"type":"binary-expr","locations":[{"start":{"line":44,"column":8},"end":{"line":44,"column":34}},{"start":{"line":44,"column":34},"end":{"line":44,"column":79}}],"line":44},"5":{"loc":{"start":{"line":49,"column":15},"end":{"line":49,"column":null}},"type":"binary-expr","locations":[{"start":{"line":49,"column":15},"end":{"line":49,"column":54}},{"start":{"line":49,"column":54},"end":{"line":49,"column":71}},{"start":{"line":49,"column":71},"end":{"line":49,"column":null}}],"line":49},"6":{"loc":{"start":{"line":52,"column":6},"end":{"line":79,"column":null}},"type":"if","locations":[{"start":{"line":52,"column":6},"end":{"line":79,"column":null}},{"start":{},"end":{}}],"line":52},"7":{"loc":{"start":{"line":52,"column":10},"end":{"line":52,"column":54}},"type":"binary-expr","locations":[{"start":{"line":52,"column":10},"end":{"line":52,"column":22}},{"start":{"line":52,"column":22},"end":{"line":52,"column":54}}],"line":52},"8":{"loc":{"start":{"line":100,"column":4},"end":{"line":102,"column":null}},"type":"if","locations":[{"start":{"line":100,"column":4},"end":{"line":102,"column":null}},{"start":{},"end":{}}],"line":100},"9":{"loc":{"start":{"line":111,"column":21},"end":{"line":111,"column":null}},"type":"binary-expr","locations":[{"start":{"line":111,"column":21},"end":{"line":111,"column":63}},{"start":{"line":111,"column":67},"end":{"line":111,"column":null}}],"line":111},"10":{"loc":{"start":{"line":114,"column":27},"end":{"line":114,"column":null}},"type":"binary-expr","locations":[{"start":{"line":114,"column":27},"end":{"line":114,"column":46}},{"start":{"line":114,"column":46},"end":{"line":114,"column":null}}],"line":114},"11":{"loc":{"start":{"line":116,"column":4},"end":{"line":118,"column":null}},"type":"if","locations":[{"start":{"line":116,"column":4},"end":{"line":118,"column":null}},{"start":{},"end":{}}],"line":116},"12":{"loc":{"start":{"line":122,"column":20},"end":{"line":122,"column":null}},"type":"binary-expr","locations":[{"start":{"line":122,"column":20},"end":{"line":122,"column":44}},{"start":{"line":122,"column":44},"end":{"line":122,"column":67}},{"start":{"line":122,"column":67},"end":{"line":122,"column":null}}],"line":122},"13":{"loc":{"start":{"line":140,"column":13},"end":{"line":140,"column":null}},"type":"binary-expr","locations":[{"start":{"line":140,"column":13},"end":{"line":140,"column":45}},{"start":{"line":140,"column":45},"end":{"line":140,"column":62}},{"start":{"line":140,"column":62},"end":{"line":140,"column":null}}],"line":140},"14":{"loc":{"start":{"line":143,"column":11},"end":{"line":143,"column":null}},"type":"binary-expr","locations":[{"start":{"line":143,"column":11},"end":{"line":143,"column":26}},{"start":{"line":143,"column":26},"end":{"line":143,"column":null}}],"line":143},"15":{"loc":{"start":{"line":148,"column":4},"end":{"line":149,"column":null}},"type":"if","locations":[{"start":{"line":148,"column":4},"end":{"line":149,"column":null}},{"start":{},"end":{}}],"line":148},"16":{"loc":{"start":{"line":153,"column":4},"end":{"line":154,"column":null}},"type":"if","locations":[{"start":{"line":153,"column":4},"end":{"line":154,"column":null}},{"start":{},"end":{}}],"line":153},"17":{"loc":{"start":{"line":153,"column":8},"end":{"line":153,"column":49}},"type":"binary-expr","locations":[{"start":{"line":153,"column":8},"end":{"line":153,"column":24}},{"start":{"line":153,"column":24},"end":{"line":153,"column":49}}],"line":153},"18":{"loc":{"start":{"line":173,"column":8},"end":{"line":178,"column":null}},"type":"if","locations":[{"start":{"line":173,"column":8},"end":{"line":178,"column":null}},{"start":{},"end":{}}],"line":173},"19":{"loc":{"start":{"line":173,"column":12},"end":{"line":173,"column":70}},"type":"binary-expr","locations":[{"start":{"line":173,"column":12},"end":{"line":173,"column":31}},{"start":{"line":173,"column":31},"end":{"line":173,"column":54}},{"start":{"line":173,"column":54},"end":{"line":173,"column":70}}],"line":173}},"s":{"0":7,"1":7,"2":5,"3":5,"4":5,"5":4,"6":5,"7":5,"8":5,"9":5,"10":1,"11":4,"12":4,"13":0,"14":4,"15":2,"16":2,"17":4,"18":2,"19":1,"20":1,"21":1,"22":1,"23":0,"24":1,"25":3,"26":1,"27":1,"28":1,"29":1,"30":0,"31":0,"32":1,"33":1,"34":15,"35":1,"36":1,"37":0,"38":0,"39":1,"40":1,"41":1,"42":6,"43":6,"44":12,"45":6,"46":8,"47":8,"48":2,"49":6,"50":6,"51":2,"52":4,"53":4,"54":4,"55":0,"56":0,"57":0,"58":0,"59":0,"60":0,"61":0,"62":0,"63":0,"64":2},"f":{"0":7,"1":5,"2":5,"3":4,"4":1,"5":1,"6":15,"7":6,"8":12,"9":8,"10":0},"b":{"0":[4,1],"1":[1,4],"2":[0,4],"3":[2,2],"4":[4,4],"5":[4,4,4],"6":[1,1],"7":[2,1],"8":[0,1],"9":[1,1],"10":[1,0],"11":[0,1],"12":[1,0,0],"13":[12,12,10],"14":[6,1],"15":[2,6],"16":[2,4],"17":[6,6],"18":[0,0],"19":[0,0,0]},"meta":{"lastBranch":20,"lastFunction":11,"lastStatement":65,"seen":{"f:8:8:8:29":0,"s:9:19:12:36":0,"s:14:4:14:Infinity":1,"f:17:8:17:38":1,"s:18:24:18:62":2,"s:20:25:20:73":3,"b:21:4:24:Infinity:undefined:undefined:undefined:undefined":0,"s:21:4:24:Infinity":4,"s:22:6:24:Infinity":5,"s:27:4:27:Infinity":6,"f:30:8:30:35":2,"s:31:31:31:78":7,"s:33:25:33:73":8,"b:34:4:35:Infinity:undefined:undefined:undefined:undefined":1,"s:34:4:35:Infinity":9,"s:35:6:35:Infinity":10,"s:38:24:38:78":11,"b:39:4:40:Infinity:undefined:undefined:undefined:undefined":2,"s:39:4:40:Infinity":12,"s:40:6:40:Infinity":13,"b:44:4:79:Infinity:undefined:undefined:undefined:undefined":3,"s:44:4:79:Infinity":14,"b:44:8:44:34:44:34:44:79":4,"s:45:23:45:64":15,"s:48:23:49:Infinity":16,"f:48:32:48:Infinity":3,"s:49:15:49:Infinity":17,"b:49:15:49:54:49:54:49:71:49:71:49:Infinity":5,"b:52:6:79:Infinity:undefined:undefined:undefined:undefined":6,"s:52:6:79:Infinity":18,"b:52:10:52:22:52:22:52:54":7,"s:54:8:57:Infinity":19,"s:59:8:61:Infinity":20,"s:64:8:72:Infinity":21,"s:65:10:70:Infinity":22,"s:72:10:72:Infinity":23,"s:75:8:79:Infinity":24,"s:83:4:83:Infinity":25,"f:87:8:87:33":4,"s:88:19:88:63":26,"s:89:4:89:Infinity":27,"f:92:16:92:Infinity":5,"s:99:25:99:61":28,"b:100:4:102:Infinity:undefined:undefined:undefined:undefined":8,"s:100:4:102:Infinity":29,"s:101:6:101:Infinity":30,"s:102:6:102:Infinity":31,"s:106:21:109:36":32,"s:111:21:111:Infinity":33,"b:111:21:111:63:111:67:111:Infinity":9,"f:111:30:111:35":6,"s:111:40:111:63":34,"s:114:27:114:Infinity":35,"b:114:27:114:46:114:46:114:Infinity":10,"b:116:4:118:Infinity:undefined:undefined:undefined:undefined":11,"s:116:4:118:Infinity":36,"s:117:6:117:Infinity":37,"s:118:6:118:Infinity":38,"s:122:20:122:Infinity":39,"b:122:20:122:44:122:44:122:67:122:67:122:Infinity":12,"s:124:4:131:Infinity":40,"s:133:4:133:Infinity":41,"f:136:8:136:27":7,"s:137:18:137:59":42,"s:139:24:140:Infinity":43,"f:139:30:139:Infinity":8,"s:140:13:140:Infinity":44,"b:140:13:140:45:140:45:140:62:140:62:140:Infinity":13,"s:143:4:143:Infinity":45,"b:143:11:143:26:143:26:143:Infinity":14,"f:146:8:146:31":9,"s:147:25:147:73":46,"b:148:4:149:Infinity:undefined:undefined:undefined:undefined":15,"s:148:4:149:Infinity":47,"s:149:6:149:Infinity":48,"s:152:24:152:78":49,"b:153:4:154:Infinity:undefined:undefined:undefined:undefined":16,"s:153:4:154:Infinity":50,"b:153:8:153:24:153:24:153:49":17,"s:154:6:154:Infinity":51,"s:157:24:157:Infinity":52,"s:158:24:158:Infinity":53,"s:160:4:160:Infinity":54,"f:164:8:164:111":10,"s:165:81:165:83":55,"s:168:26:168:59":56,"s:170:4:181:Infinity":57,"s:171:6:181:Infinity":58,"s:172:23:172:68":59,"b:173:8:178:Infinity:undefined:undefined:undefined:undefined":18,"s:173:8:178:Infinity":60,"b:173:12:173:31:173:31:173:54:173:54:173:70":19,"s:174:10:178:Infinity":61,"s:181:8:181:Infinity":62,"s:185:4:185:Infinity":63,"s:189:34:189:58":64}}}
,"/home/muhammad-sadiq/SQE_Project/server/objectAcl.ts": {"path":"/home/muhammad-sadiq/SQE_Project/server/objectAcl.ts","statementMap":{"0":{"start":{"line":5,"column":32},"end":{"line":5,"column":null}},"1":{"start":{"line":7,"column":7},"end":{"line":10,"column":null}},"2":{"start":{"line":8,"column":2},"end":{"line":8,"column":null}},"3":{"start":{"line":9,"column":2},"end":{"line":9,"column":null}},"4":{"start":{"line":29,"column":25},"end":{"line":29,"column":null}},"5":{"start":{"line":30,"column":26},"end":{"line":30,"column":54}},"6":{"start":{"line":33,"column":23},"end":{"line":33,"column":63}},"7":{"start":{"line":36,"column":2},"end":{"line":36,"column":null}},"8":{"start":{"line":44,"column":19},"end":{"line":44,"column":null}},"9":{"start":{"line":47,"column":2},"end":{"line":50,"column":null}},"10":{"start":{"line":48,"column":4},"end":{"line":48,"column":null}},"11":{"start":{"line":50,"column":4},"end":{"line":50,"column":null}},"12":{"start":{"line":54,"column":23},"end":{"line":54,"column":48}},"13":{"start":{"line":55,"column":22},"end":{"line":55,"column":48}},"14":{"start":{"line":58,"column":2},"end":{"line":58,"column":null}},"15":{"start":{"line":61,"column":2},"end":{"line":65,"column":null}},"16":{"start":{"line":72,"column":23},"end":{"line":72,"column":55}},"17":{"start":{"line":74,"column":2},"end":{"line":79,"column":null}},"18":{"start":{"line":75,"column":28},"end":{"line":75,"column":68}},"19":{"start":{"line":76,"column":4},"end":{"line":76,"column":null}},"20":{"start":{"line":79,"column":4},"end":{"line":79,"column":null}},"21":{"start":{"line":93,"column":20},"end":{"line":93,"column":56}},"22":{"start":{"line":94,"column":2},"end":{"line":96,"column":null}},"23":{"start":{"line":96,"column":4},"end":{"line":96,"column":null}},"24":{"start":{"line":100,"column":2},"end":{"line":104,"column":null}},"25":{"start":{"line":104,"column":4},"end":{"line":104,"column":null}},"26":{"start":{"line":108,"column":2},"end":{"line":109,"column":null}},"27":{"start":{"line":109,"column":4},"end":{"line":109,"column":null}},"28":{"start":{"line":113,"column":2},"end":{"line":114,"column":null}},"29":{"start":{"line":114,"column":4},"end":{"line":114,"column":null}},"30":{"start":{"line":117,"column":2},"end":{"line":117,"column":null}}},"fnMap":{"0":{"name":"(anonymous_0)","decl":{"start":{"line":7,"column":7},"end":{"line":7,"column":12}},"loc":{"start":{"line":7,"column":7},"end":{"line":10,"column":null}},"line":7},"1":{"name":"getMetadataPath","decl":{"start":{"line":27,"column":9},"end":{"line":27,"column":25}},"loc":{"start":{"line":27,"column":51},"end":{"line":36,"column":null}},"line":27},"2":{"name":"setObjectAclPolicy","decl":{"start":{"line":40,"column":22},"end":{"line":40,"column":null}},"loc":{"start":{"line":43,"column":17},"end":{"line":65,"column":null}},"line":43},"3":{"name":"getObjectAclPolicy","decl":{"start":{"line":69,"column":22},"end":{"line":69,"column":null}},"loc":{"start":{"line":71,"column":35},"end":{"line":79,"column":null}},"line":71},"4":{"name":"canAccessObject","decl":{"start":{"line":84,"column":22},"end":{"line":84,"column":38}},"loc":{"start":{"line":92,"column":21},"end":{"line":117,"column":null}},"line":92}},"branchMap":{"0":{"loc":{"start":{"line":29,"column":25},"end":{"line":29,"column":null}},"type":"binary-expr","locations":[{"start":{"line":29,"column":25},"end":{"line":29,"column":52}},{"start":{"line":29,"column":52},"end":{"line":29,"column":85}},{"start":{"line":29,"column":85},"end":{"line":29,"column":null}}],"line":29},"1":{"loc":{"start":{"line":94,"column":2},"end":{"line":96,"column":null}},"type":"if","locations":[{"start":{"line":94,"column":2},"end":{"line":96,"column":null}},{"start":{},"end":{}}],"line":94},"2":{"loc":{"start":{"line":100,"column":2},"end":{"line":104,"column":null}},"type":"if","locations":[{"start":{"line":100,"column":2},"end":{"line":104,"column":null}},{"start":{},"end":{}}],"line":100},"3":{"loc":{"start":{"line":101,"column":4},"end":{"line":102,"column":null}},"type":"binary-expr","locations":[{"start":{"line":101,"column":4},"end":{"line":101,"column":null}},{"start":{"line":102,"column":4},"end":{"line":102,"column":null}}],"line":101},"4":{"loc":{"start":{"line":108,"column":2},"end":{"line":109,"column":null}},"type":"if","locations":[{"start":{"line":108,"column":2},"end":{"line":109,"column":null}},{"start":{},"end":{}}],"line":108},"5":{"loc":{"start":{"line":113,"column":2},"end":{"line":114,"column":null}},"type":"if","locations":[{"start":{"line":113,"column":2},"end":{"line":114,"column":null}},{"start":{},"end":{}}],"line":113}},"s":{"0":2,"1":2,"2":2,"3":2,"4":34,"5":34,"6":34,"7":34,"8":12,"9":12,"10":12,"11":2,"12":10,"13":10,"14":10,"15":10,"16":24,"17":24,"18":24,"19":19,"20":7,"21":17,"22":17,"23":3,"24":14,"25":3,"26":11,"27":2,"28":9,"29":6,"30":3},"f":{"0":2,"1":34,"2":12,"3":24,"4":17},"b":{"0":[34,0,0],"1":[3,14],"2":[3,11],"3":[14,6],"4":[2,9],"5":[6,3]},"meta":{"lastBranch":6,"lastFunction":5,"lastStatement":31,"seen":{"s:5:32:5:Infinity":0,"s:7:7:10:Infinity":1,"f:7:7:7:12":0,"s:8:2:8:Infinity":2,"s:9:2:9:Infinity":3,"f:27:9:27:25":1,"s:29:25:29:Infinity":4,"b:29:25:29:52:29:52:29:85:29:85:29:Infinity":0,"s:30:26:30:54":5,"s:33:23:33:63":6,"s:36:2:36:Infinity":7,"f:40:22:40:Infinity":2,"s:44:19:44:Infinity":8,"s:47:2:50:Infinity":9,"s:48:4:48:Infinity":10,"s:50:4:50:Infinity":11,"s:54:23:54:48":12,"s:55:22:55:48":13,"s:58:2:58:Infinity":14,"s:61:2:65:Infinity":15,"f:69:22:69:Infinity":3,"s:72:23:72:55":16,"s:74:2:79:Infinity":17,"s:75:28:75:68":18,"s:76:4:76:Infinity":19,"s:79:4:79:Infinity":20,"f:84:22:84:38":4,"s:93:20:93:56":21,"b:94:2:96:Infinity:undefined:undefined:undefined:undefined":1,"s:94:2:96:Infinity":22,"s:96:4:96:Infinity":23,"b:100:2:104:Infinity:undefined:undefined:undefined:undefined":2,"s:100:2:104:Infinity":24,"b:101:4:101:Infinity:102:4:102:Infinity":3,"s:104:4:104:Infinity":25,"b:108:2:109:Infinity:undefined:undefined:undefined:undefined":4,"s:108:2:109:Infinity":26,"s:109:4:109:Infinity":27,"b:113:2:114:Infinity:undefined:undefined:undefined:undefined":5,"s:113:2:114:Infinity":28,"s:114:4:114:Infinity":29,"s:117:2:117:Infinity":30}}}
,"/home/muhammad-sadiq/SQE_Project/server/stripeConfig.ts": {"path":"/home/muhammad-sadiq/SQE_Project/server/stripeConfig.ts","statementMap":{"0":{"start":{"line":7,"column":2},"end":{"line":7,"column":null}},"1":{"start":{"line":9,"column":27},"end":{"line":9,"column":null}},"2":{"start":{"line":12,"column":14},"end":{"line":12,"column":null}},"3":{"start":{"line":13,"column":2},"end":{"line":13,"column":null}},"4":{"start":{"line":18,"column":4},"end":{"line":19,"column":41}},"5":{"start":{"line":20,"column":2},"end":{"line":20,"column":null}},"6":{"start":{"line":20,"column":15},"end":{"line":20,"column":null}},"7":{"start":{"line":22,"column":2},"end":{"line":25,"column":null}},"8":{"start":{"line":23,"column":4},"end":{"line":25,"column":null}},"9":{"start":{"line":28,"column":2},"end":{"line":32,"column":null}},"10":{"start":{"line":29,"column":4},"end":{"line":29,"column":null}},"11":{"start":{"line":30,"column":4},"end":{"line":32,"column":null}},"12":{"start":{"line":35,"column":2},"end":{"line":35,"column":null}}},"fnMap":{"0":{"name":"isStripeApiConfigured","decl":{"start":{"line":11,"column":16},"end":{"line":11,"column":49}},"loc":{"start":{"line":11,"column":49},"end":{"line":13,"column":null}},"line":11},"1":{"name":"resolveStripeSecretKey","decl":{"start":{"line":16,"column":16},"end":{"line":16,"column":49}},"loc":{"start":{"line":16,"column":49},"end":{"line":35,"column":null}},"line":16}},"branchMap":{"0":{"loc":{"start":{"line":12,"column":14},"end":{"line":12,"column":null}},"type":"binary-expr","locations":[{"start":{"line":12,"column":14},"end":{"line":12,"column":55}},{"start":{"line":12,"column":55},"end":{"line":12,"column":null}}],"line":12},"1":{"loc":{"start":{"line":13,"column":9},"end":{"line":13,"column":null}},"type":"binary-expr","locations":[{"start":{"line":13,"column":9},"end":{"line":13,"column":36}},{"start":{"line":13,"column":36},"end":{"line":13,"column":null}}],"line":13},"2":{"loc":{"start":{"line":18,"column":4},"end":{"line":19,"column":41}},"type":"binary-expr","locations":[{"start":{"line":18,"column":4},"end":{"line":18,"column":49}},{"start":{"line":19,"column":4},"end":{"line":19,"column":41}}],"line":18},"3":{"loc":{"start":{"line":20,"column":2},"end":{"line":20,"column":null}},"type":"if","locations":[{"start":{"line":20,"column":2},"end":{"line":20,"column":null}},{"start":{},"end":{}}],"line":20},"4":{"loc":{"start":{"line":22,"column":2},"end":{"line":25,"column":null}},"type":"if","locations":[{"start":{"line":22,"column":2},"end":{"line":25,"column":null}},{"start":{},"end":{}}],"line":22},"5":{"loc":{"start":{"line":28,"column":2},"end":{"line":32,"column":null}},"type":"if","locations":[{"start":{"line":28,"column":2},"end":{"line":32,"column":null}},{"start":{},"end":{}}],"line":28}},"s":{"0":1,"1":1,"2":5,"3":5,"4":6,"5":6,"6":3,"7":3,"8":1,"9":2,"10":1,"11":1,"12":2},"f":{"0":5,"1":6},"b":{"0":[5,4],"1":[5,4],"2":[6,5],"3":[3,3],"4":[1,2],"5":[1,1]},"meta":{"lastBranch":6,"lastFunction":2,"lastStatement":13,"seen":{"s:7:2:7:Infinity":0,"s:9:27:9:Infinity":1,"f:11:16:11:49":0,"s:12:14:12:Infinity":2,"b:12:14:12:55:12:55:12:Infinity":0,"s:13:2:13:Infinity":3,"b:13:9:13:36:13:36:13:Infinity":1,"f:16:16:16:49":1,"s:18:4:19:41":4,"b:18:4:18:49:19:4:19:41":2,"b:20:2:20:Infinity:undefined:undefined:undefined:undefined":3,"s:20:2:20:Infinity":5,"s:20:15:20:Infinity":6,"b:22:2:25:Infinity:undefined:undefined:undefined:undefined":4,"s:22:2:25:Infinity":7,"s:23:4:25:Infinity":8,"b:28:2:32:Infinity:undefined:undefined:undefined:undefined":5,"s:28:2:32:Infinity":9,"s:29:4:29:Infinity":10,"s:30:4:32:Infinity":11,"s:35:2:35:Infinity":12}}}
}
